<?xml version="1.0" encoding="UTF-8"?>
<!-- Generated by org.testng.reporters.JUnitXMLReporter -->
<testsuite ignored="0" hostname="LAPTOP-6I2ERQM6" failures="0" tests="4" name="ChromeBrowser" time="28.803" errors="0" timestamp="2023-05-16T12:33:23 IST">
  <testcase classname="tests.VerificationofHeader" name="Toverifythetask" time="5.642"/>
  <testcase classname="tests.VerificationofHeader" name="testC" time="6.069"/>
  <testcase classname="tests.VerificationofHeader" name="testD" time="0.001"/>
  <testcase classname="tests.VerificationofHeader" name="toverifytimetrack" time="1.608"/>
</testsuite> <!-- ChromeBrowser -->
