<?xml version="1.0" encoding="UTF-8"?>
<!-- Generated by org.testng.reporters.JUnitXMLReporter -->
<testsuite ignored="0" hostname="LAPTOP-6I2ERQM6" failures="0" tests="4" name="Firefox" time="21.49" errors="0" timestamp="2023-05-02T21:15:27 IST">
  <testcase classname="testclass.VerificationofHeader" name="@BeforeMethod beforemethod" time="18.634">
    <failure type="java.lang.NullPointerException" message="Cannot invoke &amp;quot;pom.LoginPage.sendUsername()&amp;quot; because &amp;quot;this.a&amp;quot; is null">
      <![CDATA[java.lang.NullPointerException: Cannot invoke "pom.LoginPage.sendUsername()" because "this.a" is null
at testclass.VerificationofHeader.beforemethod(VerificationofHeader.java:65)
at java.base/java.util.ArrayList.forEach(ArrayList.java:1511)
... Removed 29 stack frames]]>
    </failure>
  </testcase> <!-- @BeforeMethod beforemethod -->
  <testcase classname="testclass.VerificationofHeader" name="@AfterMethod aftermethod" time="-1.683042327144E9">
    <skipped/>
  </testcase> <!-- @AfterMethod aftermethod -->
  <testcase classname="testclass.VerificationofHeader" name="@BeforeMethod beforemethod" time="-1.683042327146E9">
    <skipped/>
  </testcase> <!-- @BeforeMethod beforemethod -->
  <testcase classname="testclass.VerificationofHeader" name="@AfterMethod aftermethod" time="-1.683042327149E9">
    <skipped/>
  </testcase> <!-- @AfterMethod aftermethod -->
  <testcase classname="testclass.VerificationofHeader" name="@BeforeMethod beforemethod" time="-1.68304232715E9">
    <skipped/>
  </testcase> <!-- @BeforeMethod beforemethod -->
  <testcase classname="testclass.VerificationofHeader" name="@AfterMethod aftermethod" time="-1.683042327153E9">
    <skipped/>
  </testcase> <!-- @AfterMethod aftermethod -->
  <testcase classname="testclass.VerificationofHeader" name="@BeforeMethod beforemethod" time="-1.683042327155E9">
    <skipped/>
  </testcase> <!-- @BeforeMethod beforemethod -->
  <testcase classname="testclass.VerificationofHeader" name="@AfterMethod aftermethod" time="-1.68304232716E9">
    <skipped/>
  </testcase> <!-- @AfterMethod aftermethod -->
  <testcase classname="testclass.VerificationofHeader" name="@AfterClass clearObject" time="-1.683042327162E9">
    <skipped/>
  </testcase> <!-- @AfterClass clearObject -->
  <testcase classname="testclass.VerificationofHeader" name="@AfterTest aftertest" time="-1.683042327163E9">
    <skipped/>
  </testcase> <!-- @AfterTest aftertest -->
  <testcase classname="testclass.VerificationofHeader" name="testA" time="0.0">
    <skipped/>
  </testcase> <!-- testA -->
  <testcase classname="testclass.VerificationofHeader" name="testB" time="0.0">
    <skipped/>
  </testcase> <!-- testB -->
  <testcase classname="testclass.VerificationofHeader" name="testC" time="0.0">
    <skipped/>
  </testcase> <!-- testC -->
  <testcase classname="testclass.VerificationofHeader" name="testD" time="0.0">
    <skipped/>
  </testcase> <!-- testD -->
</testsuite> <!-- Firefox -->
