<?xml version="1.0" encoding="UTF-8"?>
<!-- Generated by org.testng.reporters.JUnitXMLReporter -->
<testsuite ignored="4" hostname="LAPTOP-6I2ERQM6" failures="0" tests="0" time="4.006" errors="0" timestamp="2023-05-16T12:33:27 IST">
  <testcase classname="tests.VerificationofHeader" name="toverifytimetrack" time="0.0">
    <ignored/>
  </testcase> <!-- toverifytimetrack -->
  <testcase classname="tests.VerificationofHeader" name="testC" time="0.0">
    <ignored/>
  </testcase> <!-- testC -->
  <testcase classname="tests.VerificationofHeader" name="testD" time="0.0">
    <ignored/>
  </testcase> <!-- testD -->
  <testcase classname="tests.VerificationofHeader" name="Toverifythetask" time="0.0">
    <ignored/>
  </testcase> <!-- Toverifythetask -->
</testsuite>
