<?xml version="1.0" encoding="UTF-8"?>
<!-- Generated by org.testng.reporters.JUnitXMLReporter -->
<testsuite ignored="0" hostname="LAPTOP-6I2ERQM6" failures="0" tests="8" name="Test123" time="0.095" errors="0" timestamp="2023-05-01T12:30:47 IST">
  <testcase classname="testclass.Batchno1" name="testA" time="0.007"/>
  <testcase classname="testclass.Batchno1" name="testB" time="0.002"/>
  <testcase classname="testclass.Batchno1" name="testC" time="0.002"/>
  <testcase classname="testclass.Batchno1" name="testD" time="0.002"/>
  <testcase classname="testclass.Batchno2" name="testA" time="0.001"/>
  <testcase classname="testclass.Batchno2" name="testB" time="0.001"/>
  <testcase classname="testclass.Batchno2" name="testC" time="0.001"/>
  <testcase classname="testclass.Batchno2" name="testD" time="0.001"/>
</testsuite> <!-- Test123 -->
